[20161022222120281] [Thread-4] [W] [o.s.b.c.e.AnnotationConfigEmbeddedWebApplicationContext] - Exception thrown from LifecycleProcessor on context close java.lang.IllegalStateException: LifecycleProcessor not initialized - call 'refresh' before invoking lifecycle methods via the context: org.springframework.boot.context.embedded.AnnotationConfigEmbeddedWebApplicationContext@784b990c: startup date [Sat Oct 22 22:20:25 PHT 2016]; root of context hierarchy
	at org.springframework.context.support.AbstractApplicationContext.getLifecycleProcessor(AbstractApplicationContext.java:359) ~[spring-context-4.0.7.RELEASE.jar:4.0.7.RELEASE]
	at org.springframework.context.support.AbstractApplicationContext.doClose(AbstractApplicationContext.java:890) ~[spring-context-4.0.7.RELEASE.jar:4.0.7.RELEASE]
	at org.springframework.boot.context.embedded.EmbeddedWebApplicationContext.doClose(EmbeddedWebApplicationContext.java:141) ~[spring-boot-1.1.8.RELEASE.jar:1.1.8.RELEASE]
	at org.springframework.context.support.AbstractApplicationContext$1.run(AbstractApplicationContext.java:811) ~[spring-context-4.0.7.RELEASE.jar:4.0.7.RELEASE]

[20161022222120291] [main] [W] [o.s.b.c.e.AnnotationConfigEmbeddedWebApplicationContext] - Exception encountered during context initialization - cancelling refresh attempt org.springframework.beans.factory.BeanCreationNotAllowedException: Error creating bean with name 'lisEntityManagerFactory': Singleton bean creation not allowed while the singletons of this factory are in destruction (Do not request a bean from a BeanFactory in a destroy method implementation!)
	at org.springframework.beans.factory.support.DefaultSingletonBeanRegistry.getSingleton(DefaultSingletonBeanRegistry.java:215) ~[spring-beans-4.0.7.RELEASE.jar:4.0.7.RELEASE]
	at org.springframework.beans.factory.support.AbstractBeanFactory.doGetBean(AbstractBeanFactory.java:298) ~[spring-beans-4.0.7.RELEASE.jar:4.0.7.RELEASE]
	at org.springframework.beans.factory.support.AbstractBeanFactory.getBean(AbstractBeanFactory.java:193) ~[spring-beans-4.0.7.RELEASE.jar:4.0.7.RELEASE]
	at org.springframework.context.support.AbstractApplicationContext.getBean(AbstractApplicationContext.java:975) ~[spring-context-4.0.7.RELEASE.jar:4.0.7.RELEASE]
	at org.springframework.context.support.AbstractApplicationContext.finishBeanFactoryInitialization(AbstractApplicationContext.java:752) ~[spring-context-4.0.7.RELEASE.jar:4.0.7.RELEASE]
	at org.springframework.context.support.AbstractApplicationContext.refresh(AbstractApplicationContext.java:482) ~[spring-context-4.0.7.RELEASE.jar:4.0.7.RELEASE]
	at org.springframework.boot.context.embedded.EmbeddedWebApplicationContext.refresh(EmbeddedWebApplicationContext.java:109) ~[spring-boot-1.1.8.RELEASE.jar:1.1.8.RELEASE]
	at org.springframework.boot.SpringApplication.refresh(SpringApplication.java:691) ~[spring-boot-1.1.8.RELEASE.jar:1.1.8.RELEASE]
	at org.springframework.boot.SpringApplication.run(SpringApplication.java:320) ~[spring-boot-1.1.8.RELEASE.jar:1.1.8.RELEASE]
	at org.springframework.boot.SpringApplication.run(SpringApplication.java:952) ~[spring-boot-1.1.8.RELEASE.jar:1.1.8.RELEASE]
	at ph.gov.deped.Application.main(Application.java:20) ~[classes/:?]

[20161022222120368] [main] [E] [o.s.b.SpringApplication] - Application startup failed org.springframework.beans.factory.BeanCreationNotAllowedException: Error creating bean with name 'lisEntityManagerFactory': Singleton bean creation not allowed while the singletons of this factory are in destruction (Do not request a bean from a BeanFactory in a destroy method implementation!)
	at org.springframework.beans.factory.support.DefaultSingletonBeanRegistry.getSingleton(DefaultSingletonBeanRegistry.java:215) ~[spring-beans-4.0.7.RELEASE.jar:4.0.7.RELEASE]
	at org.springframework.beans.factory.support.AbstractBeanFactory.doGetBean(AbstractBeanFactory.java:298) ~[spring-beans-4.0.7.RELEASE.jar:4.0.7.RELEASE]
	at org.springframework.beans.factory.support.AbstractBeanFactory.getBean(AbstractBeanFactory.java:193) ~[spring-beans-4.0.7.RELEASE.jar:4.0.7.RELEASE]
	at org.springframework.context.support.AbstractApplicationContext.getBean(AbstractApplicationContext.java:975) ~[spring-context-4.0.7.RELEASE.jar:4.0.7.RELEASE]
	at org.springframework.context.support.AbstractApplicationContext.finishBeanFactoryInitialization(AbstractApplicationContext.java:752) ~[spring-context-4.0.7.RELEASE.jar:4.0.7.RELEASE]
	at org.springframework.context.support.AbstractApplicationContext.refresh(AbstractApplicationContext.java:482) ~[spring-context-4.0.7.RELEASE.jar:4.0.7.RELEASE]
	at org.springframework.boot.context.embedded.EmbeddedWebApplicationContext.refresh(EmbeddedWebApplicationContext.java:109) ~[spring-boot-1.1.8.RELEASE.jar:1.1.8.RELEASE]
	at org.springframework.boot.SpringApplication.refresh(SpringApplication.java:691) ~[spring-boot-1.1.8.RELEASE.jar:1.1.8.RELEASE]
	at org.springframework.boot.SpringApplication.run(SpringApplication.java:320) ~[spring-boot-1.1.8.RELEASE.jar:1.1.8.RELEASE]
	at org.springframework.boot.SpringApplication.run(SpringApplication.java:952) ~[spring-boot-1.1.8.RELEASE.jar:1.1.8.RELEASE]
	at ph.gov.deped.Application.main(Application.java:20) ~[classes/:?]

